<?xml version="1.0" encoding="UTF-8"?>
<!-- Generated by org.testng.reporters.JUnitReportReporter -->
<testsuite skipped="0" hostname="xuxe" name="Ecommerce.Magenta.testcases.TestCase4" tests="1" failures="0" timestamp="22 Okt 2018 12:24:08 GMT" time="8.102" errors="0">
  <testcase name="testCompare" time="8.102" classname="Ecommerce.Magenta.testcases.TestCase4"/>
</testsuite> <!-- Ecommerce.Magenta.testcases.TestCase4 -->
