<?xml version="1.0" encoding="UTF-8"?>
<!-- Generated by org.testng.reporters.JUnitReportReporter -->
<testsuite skipped="0" hostname="xuxe" name="ecommerce.magenta.testcases.TestCase5" tests="2" failures="0" timestamp="24 Okt 2018 13:23:58 GMT" time="20.598" errors="0">
  <testcase name="testCreateAcc" time="8.224" classname="ecommerce.magenta.testcases.TestCase5"/>
  <testcase name="testShareWishlist" time="12.374" classname="ecommerce.magenta.testcases.TestCase5"/>
</testsuite> <!-- ecommerce.magenta.testcases.TestCase5 -->
