<?xml version="1.0" encoding="UTF-8"?>
<!-- Generated by org.testng.reporters.JUnitReportReporter -->
<testsuite skipped="0" hostname="xuxe" name="Ecommerce.Magenta.testcases.TestCase1" tests="1" failures="0" timestamp="19 Okt 2018 07:45:40 GMT" time="9.866" errors="0">
  <testcase name="verifySortBy" time="9.866" classname="Ecommerce.Magenta.testcases.TestCase1"/>
</testsuite> <!-- Ecommerce.Magenta.testcases.TestCase1 -->
