<?xml version="1.0" encoding="UTF-8"?>
<!-- Generated by org.testng.reporters.JUnitReportReporter -->
<testsuite skipped="0" hostname="xuxe" name="ecommerce.magenta.testcases.TestSortFunction" tests="1" failures="0" timestamp="27 Nov 2018 11:34:07 GMT" time="17.436" errors="0">
  <testcase name="verifySortFunction" time="17.436" classname="ecommerce.magenta.testcases.TestSortFunction"/>
</testsuite> <!-- ecommerce.magenta.testcases.TestSortFunction -->
