<?xml version="1.0" encoding="UTF-8"?>
<!-- Generated by org.testng.reporters.JUnitReportReporter -->
<testsuite skipped="0" hostname="xuxe" name="ecommerce.magenta.testcases.TestCase6" tests="1" failures="0" timestamp="24 Okt 2018 14:18:02 GMT" time="25.531" errors="0">
  <testcase name="testOrder" time="25.531" classname="ecommerce.magenta.testcases.TestCase6"/>
</testsuite> <!-- ecommerce.magenta.testcases.TestCase6 -->
