<?xml version="1.0" encoding="UTF-8"?>
<!-- Generated by org.testng.reporters.JUnitReportReporter -->
<testsuite skipped="0" hostname="xuxe" name="ecommerce.magenta.testcases.TestCase9" tests="2" failures="0" timestamp="26 Nov 2018 12:21:19 GMT" time="25.126" errors="0">
  <testcase name="verifyCancelledOrders" time="12.453" classname="ecommerce.magenta.testcases.TestCase9"/>
  <testcase name="verifyLogin" time="12.673" classname="ecommerce.magenta.testcases.TestCase9"/>
</testsuite> <!-- ecommerce.magenta.testcases.TestCase9 -->
