<?xml version="1.0" encoding="UTF-8"?>
<!-- Generated by org.testng.reporters.JUnitReportReporter -->
<testsuite skipped="0" hostname="xuxe" name="Ecommerce.Magenta.testcases.TestCase3" tests="1" failures="0" timestamp="22 Okt 2018 09:55:26 GMT" time="14.162" errors="0">
  <testcase name="testOverOder" time="14.162" classname="Ecommerce.Magenta.testcases.TestCase3"/>
</testsuite> <!-- Ecommerce.Magenta.testcases.TestCase3 -->
