<?xml version="1.0" encoding="UTF-8"?>
<!-- Generated by org.testng.reporters.JUnitReportReporter -->
<testsuite skipped="0" hostname="xuxe" name="ecommerce.magenta.testcases.TestSearchFunctionality" tests="3" failures="0" timestamp="29 Nov 2018 09:53:27 GMT" time="16.058" errors="0">
  <testcase name="verifySearchFunctionality1" time="7.703" classname="ecommerce.magenta.testcases.TestSearchFunctionality"/>
  <testcase name="verifySearchFunctionality" time="8.202" classname="ecommerce.magenta.testcases.TestSearchFunctionality"/>
  <testcase name="verifySearchResult" time="0.153" classname="ecommerce.magenta.testcases.TestSearchFunctionality"/>
</testsuite> <!-- ecommerce.magenta.testcases.TestSearchFunctionality -->
