<?xml version="1.0" encoding="UTF-8"?>
<!-- Generated by org.testng.reporters.JUnitReportReporter -->
<testsuite skipped="0" hostname="xuxe" name="ecommerce.magenta.testcases.TestDisableFields" tests="1" failures="0" timestamp="29 Nov 2018 12:36:32 GMT" time="19.602" errors="0">
  <testcase name="verifyOpenCustomerDetail" time="19.602" classname="ecommerce.magenta.testcases.TestDisableFields"/>
</testsuite> <!-- ecommerce.magenta.testcases.TestDisableFields -->
