<?xml version="1.0" encoding="UTF-8"?>
<!-- Generated by org.testng.reporters.JUnitReportReporter -->
<testsuite skipped="0" hostname="xuxe" name="ecommerce.magenta.testcases.TestCase8" tests="1" failures="0" timestamp="25 Okt 2018 13:10:22 GMT" time="26.731" errors="0">
  <testcase name="testReOrder" time="26.731" classname="ecommerce.magenta.testcases.TestCase8"/>
</testsuite> <!-- ecommerce.magenta.testcases.TestCase8 -->
