<?xml version="1.0" encoding="UTF-8"?>
<!-- Generated by org.testng.reporters.JUnitReportReporter -->
<testsuite skipped="0" hostname="xuxe" name="ecommerce.magenta.testcases.TestCase10" tests="3" failures="0" timestamp="27 Nov 2018 09:42:16 GMT" time="55.409" errors="0">
  <testcase name="verifyUserReviewIsShown" time="11.154" classname="ecommerce.magenta.testcases.TestCase10"/>
  <testcase name="verifyReview" time="5.528" classname="ecommerce.magenta.testcases.TestCase10"/>
  <testcase name="verifyReviewAdmin" time="38.727" classname="ecommerce.magenta.testcases.TestCase10"/>
</testsuite> <!-- ecommerce.magenta.testcases.TestCase10 -->
