<?xml version="1.0" encoding="UTF-8"?>
<!-- Generated by org.testng.reporters.JUnitReportReporter -->
<testsuite skipped="0" hostname="xuxe" name="ecommerce.magenta.testcases.TestCase7" tests="1" failures="0" timestamp="25 Okt 2018 09:47:42 GMT" time="9.878" errors="0">
  <testcase name="verifyOders" time="9.878" classname="ecommerce.magenta.testcases.TestCase7"/>
</testsuite> <!-- ecommerce.magenta.testcases.TestCase7 -->
